Release 14.7 - ngc2edif P.20131013 (lin64)
Copyright (c) 1995-2013 Xilinx, Inc.  All rights reserved.
Reading design TOP_VGA.ngc ...
WARNING:NetListWriters:298 - No output is written to TOP_VGA.xncf, ignored.
Processing design ...
   Preping design's networks ...
   Preping design's macros ...
  finished :Prep
Writing EDIF netlist file TOP_VGA.edif ...
ngc2edif: Total memory usage is 103668 kilobytes

Release 14.7 - ngc2edif P.20131013 (lin64)
Copyright (c) 1995-2013 Xilinx, Inc.  All rights reserved.
Reading design COUNTER2.ngc ...
WARNING:NetListWriters:298 - No output is written to COUNTER2.xncf, ignored.
Processing design ...
   Preping design's networks ...
   Preping design's macros ...
  finished :Prep
Writing EDIF netlist file COUNTER2.edif ...
ngc2edif: Total memory usage is 104064 kilobytes

Release 14.7 - ngc2edif P.20131013 (lin64)
Copyright (c) 1995-2013 Xilinx, Inc.  All rights reserved.
Reading design COUNTER.ngc ...
WARNING:NetListWriters:298 - No output is written to COUNTER.xncf, ignored.
Processing design ...
   Preping design's networks ...
   Preping design's macros ...
  finished :Prep
Writing EDIF netlist file COUNTER.edif ...
ngc2edif: Total memory usage is 104088 kilobytes

