Command line:
   CTRLCIR_T_isim_beh.exe
     -simmode  gui
     -simrunnum  0
     -socket  50066

Wed Jun 29 16:20:10 2016


 Elaboration Time: 0.02 sec

 Current Memory Usage: 229.028 Meg

 Total Signals          : 566
 Total Nets             : 312
 Total Signal Drivers   : 250
 Total Blocks           : 151
 Total Primitive Blocks : 118
 Total Processes        : 435
 Total Traceable Variables  : 325
 Total Scalar Nets and Variables : 1385
Total Line Count : 1305
Total Line Count : 1305

 Total Simulation Time: 23.99 sec

 Current Memory Usage: 304.529 Meg

Wed Jun 29 16:21:50 2016

